<?xml version="1.0" encoding="UTF-8"?>
<robot generator="Robot 3.2.1 (Python 3.8.5 on win32)" generated="20200920 17:28:47.009" rpa="false">
<suite id="s1" name="Ts Ex2" source="C:\Users\Arthuro\Desktop\IB\AULA_IBM\TESTSUITE\ts_ex2.robot">
<test id="s1-t1" name="Acessar">
<kw name="Acessar Robotizando" library="function_ex2">
<kw name="Open Browser" library="SeleniumLibrary">
<doc>Opens a new browser instance to the optional ``url``.</doc>
<arguments>
<arg>${URL}</arg>
<arg>${BROWSER}</arg>
</arguments>
<msg timestamp="20200920 17:28:47.325" level="INFO">Opening browser 'chrome' to base url 'http://robotizandotestes.blogspot.com/'.</msg>
<status status="PASS" starttime="20200920 17:28:47.325" endtime="20200920 17:28:53.556"></status>
</kw>
<kw name="Maximize Browser Window" library="SeleniumLibrary">
<doc>Maximizes current browser window.</doc>
<status status="PASS" starttime="20200920 17:28:53.557" endtime="20200920 17:28:55.740"></status>
</kw>
<status status="PASS" starttime="20200920 17:28:47.324" endtime="20200920 17:28:55.740"></status>
</kw>
<status status="PASS" starttime="20200920 17:28:47.324" endtime="20200920 17:28:55.743" critical="yes"></status>
</test>
<test id="s1-t2" name="Clicar No Botao de pesquisa">
<kw name="Pesquisar" library="function_ex2">
<kw name="Wait Until Element Is Visible" library="SeleniumLibrary">
<doc>Waits until the element ``locator`` is visible.</doc>
<arguments>
<arg>${SEARCHBUTTON}</arg>
</arguments>
<status status="PASS" starttime="20200920 17:28:55.752" endtime="20200920 17:28:55.788"></status>
</kw>
<kw name="Click Element" library="SeleniumLibrary">
<doc>Click the element identified by ``locator``.</doc>
<arguments>
<arg>${SEARCHBUTTON}</arg>
</arguments>
<msg timestamp="20200920 17:28:55.789" level="INFO">Clicking element 'css=.search-expand.touch-icon-button'.</msg>
<status status="PASS" starttime="20200920 17:28:55.789" endtime="20200920 17:28:55.840"></status>
</kw>
<kw name="Wait Until Element Is Visible" library="SeleniumLibrary">
<doc>Waits until the element ``locator`` is visible.</doc>
<arguments>
<arg>${INPUTTEXT}</arg>
</arguments>
<status status="PASS" starttime="20200920 17:28:55.840" endtime="20200920 17:28:55.878"></status>
</kw>
<kw name="Input Text" library="SeleniumLibrary">
<doc>Types the given ``text`` into the text field identified by ``locator``.</doc>
<arguments>
<arg>${INPUTTEXT}</arg>
<arg>${SEARCHTEXT}</arg>
</arguments>
<msg timestamp="20200920 17:28:55.879" level="INFO">Typing text 'season premiere' into text field '//*[@id="BlogSearch1"]/div/form/div/input'.</msg>
<status status="PASS" starttime="20200920 17:28:55.879" endtime="20200920 17:28:55.987"></status>
</kw>
<kw name="Click Element" library="SeleniumLibrary">
<doc>Click the element identified by ``locator``.</doc>
<arguments>
<arg>${CLICKBUTTON}</arg>
</arguments>
<msg timestamp="20200920 17:28:55.987" level="INFO">Clicking element '//*[@id="BlogSearch1"]/div/form/input'.</msg>
<status status="PASS" starttime="20200920 17:28:55.987" endtime="20200920 17:28:57.437"></status>
</kw>
<status status="PASS" starttime="20200920 17:28:55.752" endtime="20200920 17:28:57.437"></status>
</kw>
<status status="PASS" starttime="20200920 17:28:55.749" endtime="20200920 17:28:57.438" critical="yes"></status>
</test>
<test id="s1-t3" name="Clicar No Post">
<kw name="Post" library="function_ex2">
<kw name="Wait Until Element Is Visible" library="SeleniumLibrary">
<doc>Waits until the element ``locator`` is visible.</doc>
<arguments>
<arg>${POST}</arg>
</arguments>
<status status="PASS" starttime="20200920 17:28:57.441" endtime="20200920 17:28:57.472"></status>
</kw>
<kw name="Click Element" library="SeleniumLibrary">
<doc>Click the element identified by ``locator``.</doc>
<arguments>
<arg>${POST}</arg>
</arguments>
<msg timestamp="20200920 17:28:57.473" level="INFO">Clicking element '//*[@id="Blog1"]/div/article/div/div/h3/a'.</msg>
<status status="PASS" starttime="20200920 17:28:57.472" endtime="20200920 17:28:59.205"></status>
</kw>
<kw name="Sleep" library="BuiltIn">
<doc>Pauses the test executed for the given time.</doc>
<arguments>
<arg>5</arg>
</arguments>
<msg timestamp="20200920 17:29:04.219" level="INFO">Slept 5 seconds</msg>
<status status="PASS" starttime="20200920 17:28:59.205" endtime="20200920 17:29:04.219"></status>
</kw>
<status status="PASS" starttime="20200920 17:28:57.441" endtime="20200920 17:29:04.219"></status>
</kw>
<status status="PASS" starttime="20200920 17:28:57.440" endtime="20200920 17:29:04.221" critical="yes"></status>
</test>
<test id="s1-t4" name="Fechar Browser">
<kw name="Fechar" library="function_ex2">
<kw name="Close Browser" library="SeleniumLibrary">
<doc>Closes the current browser.</doc>
<status status="PASS" starttime="20200920 17:29:04.231" endtime="20200920 17:29:06.484"></status>
</kw>
<status status="PASS" starttime="20200920 17:29:04.230" endtime="20200920 17:29:06.485"></status>
</kw>
<status status="PASS" starttime="20200920 17:29:04.229" endtime="20200920 17:29:06.486" critical="yes"></status>
</test>
<status status="PASS" starttime="20200920 17:28:47.012" endtime="20200920 17:29:06.496"></status>
</suite>
<statistics>
<total>
<stat pass="4" fail="0">Critical Tests</stat>
<stat pass="4" fail="0">All Tests</stat>
</total>
<tag>
</tag>
<suite>
<stat pass="4" fail="0" id="s1" name="Ts Ex2">Ts Ex2</stat>
</suite>
</statistics>
<errors>
</errors>
</robot>
