<?xml version="1.0" encoding="UTF-8"?>
<robot generator="Robot 3.2.1 (Python 3.8.5 on win32)" generated="20200930 23:26:00.310" rpa="false">
<suite id="s1" name="Ts Ex7" source="C:\Users\Arthuro\Desktop\IB\AULA_IBM\TESTSUITE\ts_ex7.robot">
<test id="s1-t1" name="Entrar No Site">
<kw name="Login" library="function_ex7">
<kw name="Open Browser" library="SeleniumLibrary">
<doc>Opens a new browser instance to the optional ``url``.</doc>
<arguments>
<arg>${URL}</arg>
<arg>${BROWSER}</arg>
</arguments>
<msg timestamp="20200930 23:26:00.656" level="INFO">Opening browser 'chrome' to base url 'http://automationpractice.com/index.php'.</msg>
<status status="PASS" starttime="20200930 23:26:00.656" endtime="20200930 23:26:20.206"></status>
</kw>
<kw name="Maximize Browser Window" library="SeleniumLibrary">
<doc>Maximizes current browser window.</doc>
<status status="PASS" starttime="20200930 23:26:20.207" endtime="20200930 23:26:22.375"></status>
</kw>
<status status="PASS" starttime="20200930 23:26:00.655" endtime="20200930 23:26:22.375"></status>
</kw>
<status status="PASS" starttime="20200930 23:26:00.654" endtime="20200930 23:26:22.376" critical="yes"></status>
</test>
<test id="s1-t2" name="Lista">
<kw name="Criar Lista" library="function_ex7">
<kw name="Create List" library="BuiltIn">
<doc>Returns a list containing given items.</doc>
<assign>
<var>@{LISTA_COMPRA}</var>
</assign>
<msg timestamp="20200930 23:26:22.384" level="INFO">@{LISTA_COMPRA} = [ ]</msg>
<status status="PASS" starttime="20200930 23:26:22.384" endtime="20200930 23:26:22.384"></status>
</kw>
<kw name="Set Global Variable" library="BuiltIn">
<doc>Makes a variable available globally in all tests and suites.</doc>
<arguments>
<arg>${LISTA_COMPRA}</arg>
</arguments>
<msg timestamp="20200930 23:26:22.385" level="INFO">${LISTA_COMPRA} = []</msg>
<status status="PASS" starttime="20200930 23:26:22.385" endtime="20200930 23:26:22.385"></status>
</kw>
<status status="PASS" starttime="20200930 23:26:22.383" endtime="20200930 23:26:22.386"></status>
</kw>
<status status="PASS" starttime="20200930 23:26:22.382" endtime="20200930 23:26:22.386" critical="yes"></status>
</test>
<test id="s1-t3" name="Pesquisar Roupa">
<kw name="Pesquisar" library="function_ex7">
<kw name="Wait Until Page Contains Element" library="SeleniumLibrary">
<doc>Waits until the element ``locator`` appears on the current page.</doc>
<arguments>
<arg>${SEARCHBUTTON}</arg>
<arg>timeout=60.0</arg>
</arguments>
<status status="PASS" starttime="20200930 23:26:22.403" endtime="20200930 23:26:22.423"></status>
</kw>
<kw name="Input Text" library="SeleniumLibrary">
<doc>Types the given ``text`` into the text field identified by ``locator``.</doc>
<arguments>
<arg>${TEXTBOXSEARCH}</arg>
<arg>${TEXTSEARCH}</arg>
</arguments>
<msg timestamp="20200930 23:26:22.423" level="INFO">Typing text 'FADED SHORT SLEEVE T-SHIRTS' into text field '//*[@id="search_query_top"]'.</msg>
<status status="PASS" starttime="20200930 23:26:22.423" endtime="20200930 23:26:22.567"></status>
</kw>
<kw name="Click Element" library="SeleniumLibrary">
<doc>Click the element identified by ``locator``.</doc>
<arguments>
<arg>${SEARCHBUTTON}</arg>
</arguments>
<msg timestamp="20200930 23:26:22.569" level="INFO">Clicking element '//*[@id="searchbox"]/button'.</msg>
<status status="PASS" starttime="20200930 23:26:22.568" endtime="20200930 23:26:23.495"></status>
</kw>
<status status="PASS" starttime="20200930 23:26:22.402" endtime="20200930 23:26:23.495"></status>
</kw>
<status status="PASS" starttime="20200930 23:26:22.401" endtime="20200930 23:26:23.497" critical="yes"></status>
</test>
<test id="s1-t4" name="Clicar Na Roupa">
<kw name="Click Roupa" library="function_ex7">
<kw name="Wait Until Page Contains Element" library="SeleniumLibrary">
<doc>Waits until the element ``locator`` appears on the current page.</doc>
<arguments>
<arg>${ROUPA}</arg>
<arg>timeout=60.0</arg>
</arguments>
<status status="PASS" starttime="20200930 23:26:23.514" endtime="20200930 23:26:24.214"></status>
</kw>
<kw name="Click Element" library="SeleniumLibrary">
<doc>Click the element identified by ``locator``.</doc>
<arguments>
<arg>${ROUPA}</arg>
</arguments>
<msg timestamp="20200930 23:26:24.215" level="INFO">Clicking element '//*[@id="center_column"]/ul/li/div/div[2]/h5/a'.</msg>
<status status="PASS" starttime="20200930 23:26:24.214" endtime="20200930 23:26:25.666"></status>
</kw>
<status status="PASS" starttime="20200930 23:26:23.513" endtime="20200930 23:26:25.666"></status>
</kw>
<status status="PASS" starttime="20200930 23:26:23.513" endtime="20200930 23:26:25.669" critical="yes"></status>
</test>
<test id="s1-t5" name="Add Cart">
<kw name="Adicionar ao carrinho" library="function_ex7">
<kw name="Wait Until Page Contains Element" library="SeleniumLibrary">
<doc>Waits until the element ``locator`` appears on the current page.</doc>
<arguments>
<arg>${ADDCART}</arg>
<arg>timeout=60.0</arg>
</arguments>
<status status="PASS" starttime="20200930 23:26:25.685" endtime="20200930 23:26:27.348"></status>
</kw>
<kw name="Click Element" library="SeleniumLibrary">
<doc>Click the element identified by ``locator``.</doc>
<arguments>
<arg>${ADDCART}</arg>
</arguments>
<msg timestamp="20200930 23:26:27.348" level="INFO">Clicking element '//*[@id="add_to_cart"]/button'.</msg>
<status status="PASS" starttime="20200930 23:26:27.348" endtime="20200930 23:26:27.432"></status>
</kw>
<kw name="Wait Until Page Contains Element" library="SeleniumLibrary">
<doc>Waits until the element ``locator`` appears on the current page.</doc>
<arguments>
<arg>${CHECKOUTBUTTON}</arg>
<arg>timeout=60.0</arg>
</arguments>
<status status="PASS" starttime="20200930 23:26:27.432" endtime="20200930 23:26:27.445"></status>
</kw>
<kw name="Sleep" library="BuiltIn">
<doc>Pauses the test executed for the given time.</doc>
<arguments>
<arg>5</arg>
</arguments>
<msg timestamp="20200930 23:26:32.453" level="INFO">Slept 5 seconds</msg>
<status status="PASS" starttime="20200930 23:26:27.446" endtime="20200930 23:26:32.453"></status>
</kw>
<kw name="Get Text" library="SeleniumLibrary">
<doc>Returns the text value of the element identified by ``locator``.</doc>
<arguments>
<arg>${NOME_ITEM}</arg>
</arguments>
<assign>
<var>${NOME_ITEM_VALUE1}</var>
</assign>
<msg timestamp="20200930 23:26:32.495" level="INFO">${NOME_ITEM_VALUE1} = Faded Short Sleeve T-shirts</msg>
<status status="PASS" starttime="20200930 23:26:32.454" endtime="20200930 23:26:32.495"></status>
</kw>
<kw name="Insert Into List" library="Collections">
<doc>Inserts ``value`` into ``list`` to the position specified with ``index``.</doc>
<arguments>
<arg>${LISTA_COMPRA}</arg>
<arg>0</arg>
<arg>${NOME_ITEM_VALUE1}</arg>
</arguments>
<status status="PASS" starttime="20200930 23:26:32.495" endtime="20200930 23:26:32.496"></status>
</kw>
<kw name="Wait Until Page Contains Element" library="SeleniumLibrary">
<doc>Waits until the element ``locator`` appears on the current page.</doc>
<arguments>
<arg>${CONTINUEBUTTON}</arg>
<arg>timeout=60.0</arg>
</arguments>
<status status="PASS" starttime="20200930 23:26:32.496" endtime="20200930 23:26:32.509"></status>
</kw>
<kw name="Click Element" library="SeleniumLibrary">
<doc>Click the element identified by ``locator``.</doc>
<arguments>
<arg>${CONTINUEBUTTON}</arg>
</arguments>
<msg timestamp="20200930 23:26:32.509" level="INFO">Clicking element '//*[@id="layer_cart"]/div[1]/div[2]/div[4]/span'.</msg>
<status status="PASS" starttime="20200930 23:26:32.509" endtime="20200930 23:26:32.562"></status>
</kw>
<status status="PASS" starttime="20200930 23:26:25.685" endtime="20200930 23:26:32.562"></status>
</kw>
<status status="PASS" starttime="20200930 23:26:25.684" endtime="20200930 23:26:32.563" critical="yes"></status>
</test>
<test id="s1-t6" name="Pesquisar Quarta Roupa">
<kw name="Pesquisar 4" library="function_ex7">
<kw name="Wait Until Page Contains Element" library="SeleniumLibrary">
<doc>Waits until the element ``locator`` appears on the current page.</doc>
<arguments>
<arg>${SEARCHBUTTON}</arg>
<arg>timeout=60.0</arg>
</arguments>
<status status="PASS" starttime="20200930 23:26:32.570" endtime="20200930 23:26:32.577"></status>
</kw>
<kw name="Input Text" library="SeleniumLibrary">
<doc>Types the given ``text`` into the text field identified by ``locator``.</doc>
<arguments>
<arg>${TEXTBOXSEARCH}</arg>
<arg>${TEXTSEARCH4}</arg>
</arguments>
<msg timestamp="20200930 23:26:32.578" level="INFO">Typing text 'Printed Chiffon Dress' into text field '//*[@id="search_query_top"]'.</msg>
<status status="PASS" starttime="20200930 23:26:32.578" endtime="20200930 23:26:32.736"></status>
</kw>
<kw name="Click Element" library="SeleniumLibrary">
<doc>Click the element identified by ``locator``.</doc>
<arguments>
<arg>${SEARCHBUTTON}</arg>
</arguments>
<msg timestamp="20200930 23:26:32.737" level="INFO">Clicking element '//*[@id="searchbox"]/button'.</msg>
<status status="PASS" starttime="20200930 23:26:32.736" endtime="20200930 23:26:35.259"></status>
</kw>
<status status="PASS" starttime="20200930 23:26:32.569" endtime="20200930 23:26:35.259"></status>
</kw>
<status status="PASS" starttime="20200930 23:26:32.568" endtime="20200930 23:26:35.260" critical="yes"></status>
</test>
<test id="s1-t7" name="Clicar Na Roupa 4">
<kw name="Click Roupa 4" library="function_ex7">
<kw name="Wait Until Page Contains Element" library="SeleniumLibrary">
<doc>Waits until the element ``locator`` appears on the current page.</doc>
<arguments>
<arg>${ROUPA4}</arg>
<arg>timeout=60.0</arg>
</arguments>
<status status="PASS" starttime="20200930 23:26:35.273" endtime="20200930 23:26:35.286"></status>
</kw>
<kw name="Click Element" library="SeleniumLibrary">
<doc>Click the element identified by ``locator``.</doc>
<arguments>
<arg>${ROUPA4}</arg>
</arguments>
<msg timestamp="20200930 23:26:35.286" level="INFO">Clicking element '//*[@id="center_column"]/ul/li/div/div[2]/h5/a'.</msg>
<status status="PASS" starttime="20200930 23:26:35.286" endtime="20200930 23:26:39.493"></status>
</kw>
<status status="PASS" starttime="20200930 23:26:35.273" endtime="20200930 23:26:39.493"></status>
</kw>
<status status="PASS" starttime="20200930 23:26:35.271" endtime="20200930 23:26:39.494" critical="yes"></status>
</test>
<test id="s1-t8" name="Add Cart 4">
<kw name="Adicionar ao carrinho 4" library="function_ex7">
<kw name="Wait Until Page Contains Element" library="SeleniumLibrary">
<doc>Waits until the element ``locator`` appears on the current page.</doc>
<arguments>
<arg>${ADDCART}</arg>
<arg>timeout=60.0</arg>
</arguments>
<status status="PASS" starttime="20200930 23:26:39.505" endtime="20200930 23:26:39.514"></status>
</kw>
<kw name="Click Element" library="SeleniumLibrary">
<doc>Click the element identified by ``locator``.</doc>
<arguments>
<arg>${ADDCART}</arg>
</arguments>
<msg timestamp="20200930 23:26:39.515" level="INFO">Clicking element '//*[@id="add_to_cart"]/button'.</msg>
<status status="PASS" starttime="20200930 23:26:39.515" endtime="20200930 23:26:39.592"></status>
</kw>
<kw name="Wait Until Page Contains Element" library="SeleniumLibrary">
<doc>Waits until the element ``locator`` appears on the current page.</doc>
<arguments>
<arg>${CHECKOUTBUTTON}</arg>
<arg>timeout=60.0</arg>
</arguments>
<status status="PASS" starttime="20200930 23:26:39.593" endtime="20200930 23:26:39.601"></status>
</kw>
<kw name="Sleep" library="BuiltIn">
<doc>Pauses the test executed for the given time.</doc>
<arguments>
<arg>5</arg>
</arguments>
<msg timestamp="20200930 23:26:44.614" level="INFO">Slept 5 seconds</msg>
<status status="PASS" starttime="20200930 23:26:39.602" endtime="20200930 23:26:44.614"></status>
</kw>
<kw name="Get Text" library="SeleniumLibrary">
<doc>Returns the text value of the element identified by ``locator``.</doc>
<arguments>
<arg>${NOME_ITEM}</arg>
</arguments>
<assign>
<var>${NOME_ITEM_VALUE2}</var>
</assign>
<msg timestamp="20200930 23:26:44.645" level="INFO">${NOME_ITEM_VALUE2} = Printed Chiffon Dress</msg>
<status status="PASS" starttime="20200930 23:26:44.614" endtime="20200930 23:26:44.645"></status>
</kw>
<kw name="Insert Into List" library="Collections">
<doc>Inserts ``value`` into ``list`` to the position specified with ``index``.</doc>
<arguments>
<arg>${LISTA_COMPRA}</arg>
<arg>0</arg>
<arg>${NOME_ITEM_VALUE2}</arg>
</arguments>
<status status="PASS" starttime="20200930 23:26:44.645" endtime="20200930 23:26:44.645"></status>
</kw>
<kw name="Wait Until Page Contains Element" library="SeleniumLibrary">
<doc>Waits until the element ``locator`` appears on the current page.</doc>
<arguments>
<arg>${CHECKOUTBUTTON}</arg>
<arg>timeout=60.0</arg>
</arguments>
<status status="PASS" starttime="20200930 23:26:44.645" endtime="20200930 23:26:44.660"></status>
</kw>
<kw name="Click Element" library="SeleniumLibrary">
<doc>Click the element identified by ``locator``.</doc>
<arguments>
<arg>${CHECKOUTBUTTON}</arg>
</arguments>
<msg timestamp="20200930 23:26:44.660" level="INFO">Clicking element '//*[@class="btn btn-default button button-medium"]'.</msg>
<status status="PASS" starttime="20200930 23:26:44.660" endtime="20200930 23:26:53.768"></status>
</kw>
<status status="PASS" starttime="20200930 23:26:39.504" endtime="20200930 23:26:53.768"></status>
</kw>
<status status="PASS" starttime="20200930 23:26:39.503" endtime="20200930 23:26:53.770" critical="yes"></status>
</test>
<test id="s1-t9" name="Saldo Verificado">
<kw name="Saldo Verificado" library="function_ex7">
<kw name="Run Keyword And Return Status" library="BuiltIn">
<doc>Runs the given keyword with given arguments and returns the status as a Boolean value.</doc>
<arguments>
<arg>Compra Total</arg>
</arguments>
<assign>
<var>${VERIFICASALDO}</var>
</assign>
<kw name="Compra Total" library="function_ex7">
<kw name="Wait Until Page Contains Element" library="SeleniumLibrary">
<doc>Waits until the element ``locator`` appears on the current page.</doc>
<arguments>
<arg>${LIXEIRA}</arg>
<arg>timeout=60.0</arg>
</arguments>
<status status="PASS" starttime="20200930 23:26:53.782" endtime="20200930 23:26:53.808"></status>
</kw>
<kw name="Page Should Contain Element" library="SeleniumLibrary">
<doc>Verifies that element ``locator`` is found on the current page.</doc>
<arguments>
<arg>${SALDOTOTAL}</arg>
</arguments>
<msg timestamp="20200930 23:26:53.830" level="INFO">Current page contains element '//*[@id="total_price"]//..//*[contains(text(),'$34.91')]'.</msg>
<status status="PASS" starttime="20200930 23:26:53.808" endtime="20200930 23:26:53.831"></status>
</kw>
<status status="PASS" starttime="20200930 23:26:53.782" endtime="20200930 23:26:53.831"></status>
</kw>
<msg timestamp="20200930 23:26:53.831" level="INFO">${VERIFICASALDO} = True</msg>
<status status="PASS" starttime="20200930 23:26:53.781" endtime="20200930 23:26:53.831"></status>
</kw>
<kw name="Run Keyword If" library="BuiltIn">
<doc>Runs the given keyword with the given arguments, if ``condition`` is true.</doc>
<arguments>
<arg>'${VERIFICASALDO}'=='True'</arg>
<arg>Run Keywords</arg>
<arg>Capture Page Screenshot</arg>
<arg>AND</arg>
<arg>Log To Console</arg>
<arg>Saldo Suficiente!</arg>
<arg>ELSE</arg>
<arg>Run Keywords</arg>
<arg>Capture Page Screenshot</arg>
<arg>AND</arg>
<arg>Log To Console</arg>
<arg>Saldo Insuficiente!</arg>
</arguments>
<kw name="Run Keywords" library="BuiltIn">
<doc>Executes all the given keywords in a sequence.</doc>
<arguments>
<arg>Capture Page Screenshot</arg>
<arg>AND</arg>
<arg>Log To Console</arg>
<arg>Saldo Suficiente!</arg>
</arguments>
<kw name="Capture Page Screenshot" library="SeleniumLibrary">
<doc>Takes a screenshot of the current page and embeds it into a log file.</doc>
<msg timestamp="20200930 23:26:54.206" level="INFO" html="yes">&lt;/td&gt;&lt;/tr&gt;&lt;tr&gt;&lt;td colspan="3"&gt;&lt;a href="selenium-screenshot-100.png"&gt;&lt;img src="selenium-screenshot-100.png" width="800px"&gt;&lt;/a&gt;</msg>
<status status="PASS" starttime="20200930 23:26:53.832" endtime="20200930 23:26:54.206"></status>
</kw>
<kw name="Log To Console" library="BuiltIn">
<doc>Logs the given message to the console.</doc>
<arguments>
<arg>Saldo Suficiente!</arg>
</arguments>
<status status="PASS" starttime="20200930 23:26:54.207" endtime="20200930 23:26:54.208"></status>
</kw>
<status status="PASS" starttime="20200930 23:26:53.832" endtime="20200930 23:26:54.208"></status>
</kw>
<status status="PASS" starttime="20200930 23:26:53.831" endtime="20200930 23:26:54.208"></status>
</kw>
<kw name="Log" library="BuiltIn">
<doc>Logs the given message with the given level.</doc>
<arguments>
<arg>${LISTA_COMPRA}</arg>
</arguments>
<msg timestamp="20200930 23:26:54.208" level="INFO">['Printed Chiffon Dress', 'Faded Short Sleeve T-shirts']</msg>
<status status="PASS" starttime="20200930 23:26:54.208" endtime="20200930 23:26:54.208"></status>
</kw>
<status status="PASS" starttime="20200930 23:26:53.781" endtime="20200930 23:26:54.208"></status>
</kw>
<status status="PASS" starttime="20200930 23:26:53.780" endtime="20200930 23:26:54.209" critical="yes"></status>
</test>
<doc>Suite description</doc>
<status status="PASS" starttime="20200930 23:26:00.310" endtime="20200930 23:26:54.226"></status>
</suite>
<statistics>
<total>
<stat pass="9" fail="0">Critical Tests</stat>
<stat pass="9" fail="0">All Tests</stat>
</total>
<tag>
</tag>
<suite>
<stat pass="9" fail="0" id="s1" name="Ts Ex7">Ts Ex7</stat>
</suite>
</statistics>
<errors>
</errors>
</robot>
